{
  "stats": {
    "suites": 4,
    "tests": 19,
    "passes": 19,
    "pending": 0,
    "failures": 0,
    "start": "2024-03-30T10:16:10.541Z",
    "end": "2024-03-30T10:16:35.034Z",
    "duration": 24493,
    "testsRegistered": 19,
    "passPercent": 100,
    "pendingPercent": 0,
    "other": 0,
    "hasOther": false,
    "skipped": 0,
    "hasSkipped": false
  },
  "results": [
    {
      "uuid": "3fb30c31-998e-43a8-861c-b4851cd33ed1",
      "title": "",
      "fullFile": "cypress/e2e/front-end-header.cy.js",
      "file": "cypress/e2e/front-end-header.cy.js",
      "beforeHooks": [],
      "afterHooks": [],
      "tests": [],
      "suites": [
        {
          "uuid": "6f3ec832-cc4e-49cf-a41b-3325e5c19445",
          "title": "Front End Test Suite",
          "fullFile": "",
          "file": "",
          "beforeHooks": [],
          "afterHooks": [],
          "tests": [],
          "suites": [
            {
              "uuid": "b60fe099-7cf2-45e7-97b7-a2ef07f89cc2",
              "title": "Test Case 1: Verify Login Actions",
              "fullFile": "",
              "file": "",
              "beforeHooks": [],
              "afterHooks": [],
              "tests": [
                {
                  "title": "Click Login and Click Cancel",
                  "fullTitle": "Front End Test Suite Test Case 1: Verify Login Actions Click Login and Click Cancel",
                  "timedOut": null,
                  "duration": 478,
                  "state": "passed",
                  "speed": "fast",
                  "pass": true,
                  "fail": false,
                  "pending": false,
                  "context": null,
                  "code": "cy.get('button.MuiButton-root').contains('Log in').click();\ncy.get('button.MuiButton-root').contains('Cancel').click();",
                  "err": {},
                  "uuid": "e9f30278-2a8a-47d0-a6c2-1b9140d81042",
                  "parentUUID": "b60fe099-7cf2-45e7-97b7-a2ef07f89cc2",
                  "isHook": false,
                  "skipped": false
                },
                {
                  "title": "Click Login and with empty fields click Login Again",
                  "fullTitle": "Front End Test Suite Test Case 1: Verify Login Actions Click Login and with empty fields click Login Again",
                  "timedOut": null,
                  "duration": 254,
                  "state": "passed",
                  "speed": "fast",
                  "pass": true,
                  "fail": false,
                  "pending": false,
                  "context": null,
                  "code": "cy.get('button.MuiButton-root').contains('Log in').click();\ncy.get('button.MuiButton-root').contains('Login').click();\ncy.get('.MuiSnackbarContent-message').should('contain', 'Login failed. Please try again.');",
                  "err": {},
                  "uuid": "00b8651c-83dc-4305-a90e-d807cd92c166",
                  "parentUUID": "b60fe099-7cf2-45e7-97b7-a2ef07f89cc2",
                  "isHook": false,
                  "skipped": false
                },
                {
                  "title": "Click Login and with wrong fields click Login Again",
                  "fullTitle": "Front End Test Suite Test Case 1: Verify Login Actions Click Login and with wrong fields click Login Again",
                  "timedOut": null,
                  "duration": 780,
                  "state": "passed",
                  "speed": "fast",
                  "pass": true,
                  "fail": false,
                  "pending": false,
                  "context": null,
                  "code": "cy.get('button.MuiButton-root').contains('Log in').click();\ncy.get('input#email').type('test@gmail.com').should('have.value', 'test@gmail.com');\ncy.get('input#password').type('test123').should('have.value', 'test123');\ncy.get('button.MuiButton-root').contains('Login').click();\ncy.get('.MuiSnackbarContent-message').should('contain', 'Login failed. Please try again.');",
                  "err": {},
                  "uuid": "db8c6e52-d486-4139-9e7c-1bbe5fcf4589",
                  "parentUUID": "b60fe099-7cf2-45e7-97b7-a2ef07f89cc2",
                  "isHook": false,
                  "skipped": false
                },
                {
                  "title": "Click Login and with correct fields click Login Again",
                  "fullTitle": "Front End Test Suite Test Case 1: Verify Login Actions Click Login and with correct fields click Login Again",
                  "timedOut": null,
                  "duration": 960,
                  "state": "passed",
                  "speed": "fast",
                  "pass": true,
                  "fail": false,
                  "pending": false,
                  "context": null,
                  "code": "cy.get('button.MuiButton-root').contains('Log in').click();\ncy.get('input#email').type('Dorcas_Frami31@hotmail.com').should('have.value', 'Dorcas_Frami31@hotmail.com');\ncy.get('input#password').type('abc123').should('have.value', 'abc123');\ncy.get('button.MuiButton-root').contains('Login').click();\ncy.get('.MuiSnackbarContent-message').should('contain', 'You are logged in!');",
                  "err": {},
                  "uuid": "d8c9b53f-12a4-4a7b-ace6-e2d7c89665c7",
                  "parentUUID": "b60fe099-7cf2-45e7-97b7-a2ef07f89cc2",
                  "isHook": false,
                  "skipped": false
                },
                {
                  "title": "Validate the Logout ",
                  "fullTitle": "Front End Test Suite Test Case 1: Verify Login Actions Validate the Logout ",
                  "timedOut": null,
                  "duration": 1373,
                  "state": "passed",
                  "speed": "fast",
                  "pass": true,
                  "fail": false,
                  "pending": false,
                  "context": null,
                  "code": "cy.get('button.MuiButton-root').contains('Log in').click();\ncy.get('input#email').type('Dorcas_Frami31@hotmail.com').should('have.value', 'Dorcas_Frami31@hotmail.com');\ncy.get('input#password').type('abc123').should('have.value', 'abc123');\ncy.get('button.MuiButton-root').contains('Login').click();\ncy.get('.MuiSnackbarContent-message').should('contain', 'You are logged in!');\ncy.get('button.MuiButton-root').contains('Logout').click();\ncy.get(':nth-child(4) > .MuiPaper-root > .MuiSnackbarContent-message').should('contain', 'You are logged out!');\ncy.get('.MuiSnackbarContent-action > .MuiButtonBase-root').click();",
                  "err": {},
                  "uuid": "8c94878c-b0f8-4ad4-adf6-7132c318bb7f",
                  "parentUUID": "b60fe099-7cf2-45e7-97b7-a2ef07f89cc2",
                  "isHook": false,
                  "skipped": false
                }
              ],
              "suites": [],
              "passes": [
                "e9f30278-2a8a-47d0-a6c2-1b9140d81042",
                "00b8651c-83dc-4305-a90e-d807cd92c166",
                "db8c6e52-d486-4139-9e7c-1bbe5fcf4589",
                "d8c9b53f-12a4-4a7b-ace6-e2d7c89665c7",
                "8c94878c-b0f8-4ad4-adf6-7132c318bb7f"
              ],
              "failures": [],
              "pending": [],
              "skipped": [],
              "duration": 3845,
              "root": false,
              "rootEmpty": false,
              "_timeout": 2000
            },
            {
              "uuid": "f9b3f87c-a377-4b0c-8507-cdfe03c1cf92",
              "title": "Test Case 2: Verify SignUp Actions",
              "fullFile": "",
              "file": "",
              "beforeHooks": [],
              "afterHooks": [],
              "tests": [
                {
                  "title": "Click SignUp and Click Cancel",
                  "fullTitle": "Front End Test Suite Test Case 2: Verify SignUp Actions Click SignUp and Click Cancel",
                  "timedOut": null,
                  "duration": 253,
                  "state": "passed",
                  "speed": "fast",
                  "pass": true,
                  "fail": false,
                  "pending": false,
                  "context": null,
                  "code": "cy.get('button.MuiButton-root').contains('Sign up').click();\ncy.get('button.MuiButton-root').contains('Cancel').click();",
                  "err": {},
                  "uuid": "5c6c3ac9-eee5-4686-a395-0e65cdab2685",
                  "parentUUID": "f9b3f87c-a377-4b0c-8507-cdfe03c1cf92",
                  "isHook": false,
                  "skipped": false
                },
                {
                  "title": "Click SignUp and with empty fields click SignUp Again",
                  "fullTitle": "Front End Test Suite Test Case 2: Verify SignUp Actions Click SignUp and with empty fields click SignUp Again",
                  "timedOut": null,
                  "duration": 243,
                  "state": "passed",
                  "speed": "fast",
                  "pass": true,
                  "fail": false,
                  "pending": false,
                  "context": null,
                  "code": "cy.get('button.MuiButton-root').contains('Sign up').click();\ncy.get('button.MuiButton-root').contains('Sign Up').click();\ncy.get('.MuiSnackbarContent-message').should('contain', 'Signup failed. Please try again.');",
                  "err": {},
                  "uuid": "5648ed83-6a19-4b2e-8336-875595af786d",
                  "parentUUID": "f9b3f87c-a377-4b0c-8507-cdfe03c1cf92",
                  "isHook": false,
                  "skipped": false
                },
                {
                  "title": "1-Click SignUp and with wrong fields click SignUp Again",
                  "fullTitle": "Front End Test Suite Test Case 2: Verify SignUp Actions 1-Click SignUp and with wrong fields click SignUp Again",
                  "timedOut": null,
                  "duration": 2013,
                  "state": "passed",
                  "speed": "fast",
                  "pass": true,
                  "fail": false,
                  "pending": false,
                  "context": null,
                  "code": "cy.get('button.MuiButton-root').contains('Sign up').click();\ncy.get('input#full_name').clear().type('n').should('have.value', 'n');\ncy.get('input#email').clear().type('n').should('have.value', 'n');\ncy.get('input#password').type('n').should('have.value', 'n');\ncy.get('input#phone_no').clear().type('1').should('have.value', '1');\ncy.get('button.MuiButton-root').contains('Sign Up').click();\ncy.wait(1000);\ncy.focused().should('have.attr', 'id', 'email');",
                  "err": {},
                  "uuid": "c3478690-e2b3-483b-bc37-ec97cd197375",
                  "parentUUID": "f9b3f87c-a377-4b0c-8507-cdfe03c1cf92",
                  "isHook": false,
                  "skipped": false
                },
                {
                  "title": "2-Click SignUp and with wrong fields click SignUp Again",
                  "fullTitle": "Front End Test Suite Test Case 2: Verify SignUp Actions 2-Click SignUp and with wrong fields click SignUp Again",
                  "timedOut": null,
                  "duration": 2027,
                  "state": "passed",
                  "speed": "fast",
                  "pass": true,
                  "fail": false,
                  "pending": false,
                  "context": null,
                  "code": "cy.get('button.MuiButton-root').contains('Sign up').click();\ncy.get('input#full_name').clear().type('n').should('have.value', 'n');\ncy.get('input#email').clear().type('n@').should('have.value', 'n@');\ncy.get('input#password').type('n').should('have.value', 'n');\ncy.get('input#phone_no').clear().type('1').should('have.value', '1');\ncy.get('button.MuiButton-root').contains('Sign Up').click();\ncy.wait(1000);\ncy.focused().should('have.attr', 'id', 'email');",
                  "err": {},
                  "uuid": "20d55dfe-56f0-4068-bc0b-025540363cb0",
                  "parentUUID": "f9b3f87c-a377-4b0c-8507-cdfe03c1cf92",
                  "isHook": false,
                  "skipped": false
                },
                {
                  "title": "3-Click SignUp and with wrong fields click SignUp Again",
                  "fullTitle": "Front End Test Suite Test Case 2: Verify SignUp Actions 3-Click SignUp and with wrong fields click SignUp Again",
                  "timedOut": null,
                  "duration": 1155,
                  "state": "passed",
                  "speed": "fast",
                  "pass": true,
                  "fail": false,
                  "pending": false,
                  "context": null,
                  "code": "cy.get('button.MuiButton-root').contains('Sign up').click();\ncy.get('input#full_name').clear().type('n').should('have.value', 'n');\ncy.get('input#email').clear().type('n@g').should('have.value', 'n@g');\ncy.get('input#password').type('n').should('have.value', 'n');\ncy.get('input#phone_no').clear().type('1').should('have.value', '1');\ncy.get('button.MuiButton-root').contains('Sign Up').click();\ncy.get('.MuiSnackbarContent-message').should('contain', 'Signup failed. Please try again.');",
                  "err": {},
                  "uuid": "76d8cde7-0aa4-4e2a-8498-19dfb130775f",
                  "parentUUID": "f9b3f87c-a377-4b0c-8507-cdfe03c1cf92",
                  "isHook": false,
                  "skipped": false
                },
                {
                  "title": "4-Click SignUp and with wrong fields click SignUp Again",
                  "fullTitle": "Front End Test Suite Test Case 2: Verify SignUp Actions 4-Click SignUp and with wrong fields click SignUp Again",
                  "timedOut": null,
                  "duration": 2080,
                  "state": "passed",
                  "speed": "fast",
                  "pass": true,
                  "fail": false,
                  "pending": false,
                  "context": null,
                  "code": "cy.get('button.MuiButton-root').contains('Sign up').click();\ncy.get('input#full_name').clear().type('n').should('have.value', 'n');\ncy.get('input#email').clear().type('n@g.').should('have.value', 'n@g.');\ncy.get('input#password').type('n').should('have.value', 'n');\ncy.get('input#phone_no').clear().type('1').should('have.value', '1');\ncy.get('button.MuiButton-root').contains('Sign Up').click();\ncy.wait(1000);\ncy.focused().should('have.attr', 'id', 'email');",
                  "err": {},
                  "uuid": "4957c335-157e-4ebc-a305-661a7f5014fd",
                  "parentUUID": "f9b3f87c-a377-4b0c-8507-cdfe03c1cf92",
                  "isHook": false,
                  "skipped": false
                },
                {
                  "title": "5-Click SignUp and with wrong fields click SignUp Again",
                  "fullTitle": "Front End Test Suite Test Case 2: Verify SignUp Actions 5-Click SignUp and with wrong fields click SignUp Again",
                  "timedOut": null,
                  "duration": 1108,
                  "state": "passed",
                  "speed": "fast",
                  "pass": true,
                  "fail": false,
                  "pending": false,
                  "context": null,
                  "code": "cy.get('button.MuiButton-root').contains('Sign up').click();\ncy.get('input#full_name').clear().type('n').should('have.value', 'n');\ncy.get('input#email').clear().type('n@g.c').should('have.value', 'n@g.c');\ncy.get('input#password').type('n').should('have.value', 'n');\ncy.get('input#phone_no').clear().type('1').should('have.value', '1');\ncy.get('button.MuiButton-root').contains('Sign Up').click();\ncy.get('.MuiSnackbarContent-message').should('contain', 'Signup failed. Please try again.');",
                  "err": {},
                  "uuid": "b5448b6a-7335-4585-96bf-43250f31396b",
                  "parentUUID": "f9b3f87c-a377-4b0c-8507-cdfe03c1cf92",
                  "isHook": false,
                  "skipped": false
                },
                {
                  "title": "6-Click SignUp and with wrong fields click SignUp Again",
                  "fullTitle": "Front End Test Suite Test Case 2: Verify SignUp Actions 6-Click SignUp and with wrong fields click SignUp Again",
                  "timedOut": null,
                  "duration": 1121,
                  "state": "passed",
                  "speed": "fast",
                  "pass": true,
                  "fail": false,
                  "pending": false,
                  "context": null,
                  "code": "cy.get('button.MuiButton-root').contains('Sign up').click();\ncy.get('input#full_name').clear().type('n').should('have.value', 'n');\ncy.get('input#email').clear().type('n@g.com').should('have.value', 'n@g.com');\ncy.get('input#password').clear().should('have.value', '');\ncy.get('input#phone_no').clear().type('1').should('have.value', '1');\ncy.get('button.MuiButton-root').contains('Sign Up').click();\ncy.get('.MuiSnackbarContent-message').should('contain', 'Signup failed. Please try again.');",
                  "err": {},
                  "uuid": "22248e25-d54f-4701-b15c-3725bb87ca0f",
                  "parentUUID": "f9b3f87c-a377-4b0c-8507-cdfe03c1cf92",
                  "isHook": false,
                  "skipped": false
                },
                {
                  "title": "7-Click SignUp and with wrong fields click SignUp Again",
                  "fullTitle": "Front End Test Suite Test Case 2: Verify SignUp Actions 7-Click SignUp and with wrong fields click SignUp Again",
                  "timedOut": null,
                  "duration": 3032,
                  "state": "passed",
                  "speed": "fast",
                  "pass": true,
                  "fail": false,
                  "pending": false,
                  "context": null,
                  "code": "cy.get('button.MuiButton-root').contains('Sign up').click();\ncy.get('input#full_name').clear().type('n').should('have.value', 'n');\ncy.get('input#email').clear().type('n@g.com').should('have.value', 'n@g.com');\ncy.get('input#password').type('n').should('have.value', 'n');\ncy.get('input#phone_no').clear().should('have.value', '');\ncy.get('button.MuiButton-root').contains('Sign Up').click();\ncy.wait(2000);\ncy.get('.MuiSnackbarContent-message').should('contain', 'Signup failed. Please try again.');",
                  "err": {},
                  "uuid": "4cbe9c41-eb0b-4603-a49c-6bd465cec3f3",
                  "parentUUID": "f9b3f87c-a377-4b0c-8507-cdfe03c1cf92",
                  "isHook": false,
                  "skipped": false
                },
                {
                  "title": "8-Click SignUp and with wrong fields click SignUp Again",
                  "fullTitle": "Front End Test Suite Test Case 2: Verify SignUp Actions 8-Click SignUp and with wrong fields click SignUp Again",
                  "timedOut": null,
                  "duration": 1004,
                  "state": "passed",
                  "speed": "fast",
                  "pass": true,
                  "fail": false,
                  "pending": false,
                  "context": null,
                  "code": "cy.get('button.MuiButton-root').contains('Sign up').click();\ncy.get('input#full_name').clear().type('n').should('have.value', 'n');\ncy.get('input#email').clear().type('n@g.com').should('have.value', 'n@g.com');\ncy.get('input#password').type('n').should('have.value', 'n');\ncy.get('input#phone_no').type('n').should('have.value', 'n');\ncy.get('button.MuiButton-root').contains('Sign Up').click();\ncy.get('.MuiSnackbarContent-message').should('contain', 'Signup failed. Please try again.');",
                  "err": {},
                  "uuid": "358fe557-7dea-4667-a6bb-588424a0b8f4",
                  "parentUUID": "f9b3f87c-a377-4b0c-8507-cdfe03c1cf92",
                  "isHook": false,
                  "skipped": false
                },
                {
                  "title": "9-Click SignUp and with wrong fields click SignUp Again",
                  "fullTitle": "Front End Test Suite Test Case 2: Verify SignUp Actions 9-Click SignUp and with wrong fields click SignUp Again",
                  "timedOut": null,
                  "duration": 1015,
                  "state": "passed",
                  "speed": "fast",
                  "pass": true,
                  "fail": false,
                  "pending": false,
                  "context": null,
                  "code": "cy.get('button.MuiButton-root').contains('Sign up').click();\ncy.get('input#full_name').clear().type('1').should('have.value', '1');\ncy.get('input#email').clear().type('n@g.com').should('have.value', 'n@g.com');\ncy.get('input#password').type('n').should('have.value', 'n');\ncy.get('input#phone_no').type('1').should('have.value', '1');\ncy.get('button.MuiButton-root').contains('Sign Up').click();\ncy.get('.MuiSnackbarContent-message').should('contain', 'Signup failed. Please try again.');",
                  "err": {},
                  "uuid": "5e6c33ff-2212-4486-9ec7-4e4aee5fe8a7",
                  "parentUUID": "f9b3f87c-a377-4b0c-8507-cdfe03c1cf92",
                  "isHook": false,
                  "skipped": false
                },
                {
                  "title": "Validate Successful SignUp",
                  "fullTitle": "Front End Test Suite Test Case 2: Verify SignUp Actions Validate Successful SignUp",
                  "timedOut": null,
                  "duration": 1563,
                  "state": "passed",
                  "speed": "fast",
                  "pass": true,
                  "fail": false,
                  "pending": false,
                  "context": null,
                  "code": "cy.get('button.MuiButton-root').contains('Sign up').click();\nconst fullname = chance.name();\nconst email = chance.email();\nconst phoneNo = chance.phone();\ncy.get('input#full_name').clear().type(fullname).should('have.value', fullname);\ncy.get('input#email').clear().type(email).should('have.value', email);\ncy.get('input#password').type('abc123').should('have.value', 'abc123');\ncy.get('input#phone_no').type(phoneNo).should('have.value', phoneNo);\ncy.get('button.MuiButton-root').contains('Sign Up').click();\ncy.get('.MuiSnackbarContent-message').should('contain', 'Signup successful!');",
                  "err": {},
                  "uuid": "dc9cf18c-73da-4c26-8e54-d27850b885c0",
                  "parentUUID": "f9b3f87c-a377-4b0c-8507-cdfe03c1cf92",
                  "isHook": false,
                  "skipped": false
                }
              ],
              "suites": [],
              "passes": [
                "5c6c3ac9-eee5-4686-a395-0e65cdab2685",
                "5648ed83-6a19-4b2e-8336-875595af786d",
                "c3478690-e2b3-483b-bc37-ec97cd197375",
                "20d55dfe-56f0-4068-bc0b-025540363cb0",
                "76d8cde7-0aa4-4e2a-8498-19dfb130775f",
                "4957c335-157e-4ebc-a305-661a7f5014fd",
                "b5448b6a-7335-4585-96bf-43250f31396b",
                "22248e25-d54f-4701-b15c-3725bb87ca0f",
                "4cbe9c41-eb0b-4603-a49c-6bd465cec3f3",
                "358fe557-7dea-4667-a6bb-588424a0b8f4",
                "5e6c33ff-2212-4486-9ec7-4e4aee5fe8a7",
                "dc9cf18c-73da-4c26-8e54-d27850b885c0"
              ],
              "failures": [],
              "pending": [],
              "skipped": [],
              "duration": 16614,
              "root": false,
              "rootEmpty": false,
              "_timeout": 2000
            },
            {
              "uuid": "2de8fe79-1a34-47f0-a36e-63ee9142675b",
              "title": "Test Case 3: Validate the successful SignUp with a Login",
              "fullFile": "",
              "file": "",
              "beforeHooks": [],
              "afterHooks": [],
              "tests": [
                {
                  "title": "Validate Successful SignUp",
                  "fullTitle": "Front End Test Suite Test Case 3: Validate the successful SignUp with a Login Validate Successful SignUp",
                  "timedOut": null,
                  "duration": 1670,
                  "state": "passed",
                  "speed": "fast",
                  "pass": true,
                  "fail": false,
                  "pending": false,
                  "context": null,
                  "code": "const fullname = chance.name();\nconst phoneNo = chance.phone();\ncy.get('button.MuiButton-root').contains('Sign up').click();\ncy.get('input#full_name').clear().type(fullname).should('have.value', fullname);\ncy.get('input#email').clear().type(email).should('have.value', email);\ncy.get('input#password').type('abc123').should('have.value', 'abc123');\ncy.get('input#phone_no').type(phoneNo).should('have.value', phoneNo);\ncy.get('button.MuiButton-root').contains('Sign Up').click();\ncy.get('.MuiSnackbarContent-message').should('contain', 'Signup successful!');",
                  "err": {},
                  "uuid": "60067dc5-59f2-43c6-bcfa-63f1f2e2ca87",
                  "parentUUID": "2de8fe79-1a34-47f0-a36e-63ee9142675b",
                  "isHook": false,
                  "skipped": false
                },
                {
                  "title": "Validate login",
                  "fullTitle": "Front End Test Suite Test Case 3: Validate the successful SignUp with a Login Validate login",
                  "timedOut": null,
                  "duration": 880,
                  "state": "passed",
                  "speed": "fast",
                  "pass": true,
                  "fail": false,
                  "pending": false,
                  "context": null,
                  "code": "cy.get('@email').then(email => {\n  cy.get('button.MuiButton-root').contains('Log in').click();\n  cy.get('input#email').type(email).should('have.value', email);\n  cy.get('input#password').type('abc123').should('have.value', 'abc123');\n  cy.get('button.MuiButton-root').contains('Login').click();\n  cy.get('.MuiSnackbarContent-message').should('contain', 'You are logged in!');\n});",
                  "err": {},
                  "uuid": "43c0b21c-ef04-484c-b0ab-3641aac1c908",
                  "parentUUID": "2de8fe79-1a34-47f0-a36e-63ee9142675b",
                  "isHook": false,
                  "skipped": false
                }
              ],
              "suites": [],
              "passes": [
                "60067dc5-59f2-43c6-bcfa-63f1f2e2ca87",
                "43c0b21c-ef04-484c-b0ab-3641aac1c908"
              ],
              "failures": [],
              "pending": [],
              "skipped": [],
              "duration": 2550,
              "root": false,
              "rootEmpty": false,
              "_timeout": 2000
            }
          ],
          "passes": [],
          "failures": [],
          "pending": [],
          "skipped": [],
          "duration": 0,
          "root": false,
          "rootEmpty": false,
          "_timeout": 2000
        }
      ],
      "passes": [],
      "failures": [],
      "pending": [],
      "skipped": [],
      "duration": 0,
      "root": true,
      "rootEmpty": true,
      "_timeout": 2000
    }
  ],
  "meta": {
    "mocha": {
      "version": "7.0.1"
    },
    "mochawesome": {
      "options": {
        "quiet": false,
        "reportFilename": "mochawesome",
        "saveHtml": true,
        "saveJson": true,
        "consoleReporter": "spec",
        "useInlineDiffs": false,
        "code": true
      },
      "version": "7.1.3"
    },
    "marge": {
      "options": {
        "reportDir": "cypress/reports",
        "overwrite": false,
        "html": true,
        "json": true
      },
      "version": "6.2.0"
    }
  }
}