{
  "stats": {
    "suites": 14,
    "tests": 13,
    "passes": 13,
    "pending": 0,
    "failures": 0,
    "start": "2024-03-30T10:16:36.017Z",
    "end": "2024-03-30T10:16:41.645Z",
    "duration": 5628,
    "testsRegistered": 13,
    "passPercent": 100,
    "pendingPercent": 0,
    "other": 0,
    "hasOther": false,
    "skipped": 0,
    "hasSkipped": false
  },
  "results": [
    {
      "uuid": "d6f3eefd-d52f-4692-a99b-c5234c3eb238",
      "title": "",
      "fullFile": "cypress/e2e/front-end-studio-ghibli.cy.js",
      "file": "cypress/e2e/front-end-studio-ghibli.cy.js",
      "beforeHooks": [],
      "afterHooks": [],
      "tests": [],
      "suites": [
        {
          "uuid": "6e6d6ef0-461a-4307-a932-07044d8093b7",
          "title": "Front End Test Suite",
          "fullFile": "",
          "file": "",
          "beforeHooks": [],
          "afterHooks": [],
          "tests": [],
          "suites": [
            {
              "uuid": "0cc449e4-23ba-4688-8cfa-81f1e55174eb",
              "title": "Test Case 1: Verify Studio Ghibli Header",
              "fullFile": "",
              "file": "",
              "beforeHooks": [],
              "afterHooks": [],
              "tests": [
                {
                  "title": "should display Studio Ghibli header correctly",
                  "fullTitle": "Front End Test Suite Test Case 1: Verify Studio Ghibli Header should display Studio Ghibli header correctly",
                  "timedOut": null,
                  "duration": 386,
                  "state": "passed",
                  "speed": "fast",
                  "pass": true,
                  "fail": false,
                  "pending": false,
                  "context": null,
                  "code": "cy.get('h1.sc-eDLKkx.fqDSBD').should('exist').and('have.text', 'Studio Ghibli !!!');",
                  "err": {},
                  "uuid": "ed69c162-53ea-433d-9bb4-88d2caba1f50",
                  "parentUUID": "0cc449e4-23ba-4688-8cfa-81f1e55174eb",
                  "isHook": false,
                  "skipped": false
                }
              ],
              "suites": [],
              "passes": [
                "ed69c162-53ea-433d-9bb4-88d2caba1f50"
              ],
              "failures": [],
              "pending": [],
              "skipped": [],
              "duration": 386,
              "root": false,
              "rootEmpty": false,
              "_timeout": 2000
            },
            {
              "uuid": "39ead58c-e216-464e-9fee-cfa432344dc2",
              "title": "Test Case 2: Verify Input Interaction",
              "fullFile": "",
              "file": "",
              "beforeHooks": [],
              "afterHooks": [],
              "tests": [
                {
                  "title": "should interact with input elements properly",
                  "fullTitle": "Front End Test Suite Test Case 2: Verify Input Interaction should interact with input elements properly",
                  "timedOut": null,
                  "duration": 516,
                  "state": "passed",
                  "speed": "fast",
                  "pass": true,
                  "fail": false,
                  "pending": false,
                  "context": null,
                  "code": "cy.get('.MuiInputBase-input').type('python').should('have.value', 'python');\ncy.get('[placeholder=\"Search for anything\"]').clear().type('NodeJs').should('have.value', 'NodeJs');",
                  "err": {},
                  "uuid": "44f79e30-400f-4d35-9c7f-e84018967ab9",
                  "parentUUID": "39ead58c-e216-464e-9fee-cfa432344dc2",
                  "isHook": false,
                  "skipped": false
                }
              ],
              "suites": [],
              "passes": [
                "44f79e30-400f-4d35-9c7f-e84018967ab9"
              ],
              "failures": [],
              "pending": [],
              "skipped": [],
              "duration": 516,
              "root": false,
              "rootEmpty": false,
              "_timeout": 2000
            },
            {
              "uuid": "5f62079d-9cd5-4cb7-8590-c7f32f8b3f21",
              "title": "Test Case 3: Verify Studio Ghibli Div",
              "fullFile": "",
              "file": "",
              "beforeHooks": [],
              "afterHooks": [],
              "tests": [
                {
                  "title": "should display the Studio Ghibli div correctly",
                  "fullTitle": "Front End Test Suite Test Case 3: Verify Studio Ghibli Div should display the Studio Ghibli div correctly",
                  "timedOut": null,
                  "duration": 73,
                  "state": "passed",
                  "speed": "fast",
                  "pass": true,
                  "fail": false,
                  "pending": false,
                  "context": null,
                  "code": "cy.get('.MuiBox-root.css-zze9l3').should('exist').and('have.text', 'Studio Ghibli');",
                  "err": {},
                  "uuid": "97ee2a39-f324-4aac-9383-5e7a741d9dfa",
                  "parentUUID": "5f62079d-9cd5-4cb7-8590-c7f32f8b3f21",
                  "isHook": false,
                  "skipped": false
                }
              ],
              "suites": [],
              "passes": [
                "97ee2a39-f324-4aac-9383-5e7a741d9dfa"
              ],
              "failures": [],
              "pending": [],
              "skipped": [],
              "duration": 73,
              "root": false,
              "rootEmpty": false,
              "_timeout": 2000
            },
            {
              "uuid": "ec2333ff-4855-46c0-a720-4526900be005",
              "title": "Test Case 4: Verify Online Video Courses Description",
              "fullFile": "",
              "file": "",
              "beforeHooks": [],
              "afterHooks": [],
              "tests": [
                {
                  "title": "should display the online video courses description correctly",
                  "fullTitle": "Front End Test Suite Test Case 4: Verify Online Video Courses Description should display the online video courses description correctly",
                  "timedOut": null,
                  "duration": 76,
                  "state": "passed",
                  "speed": "fast",
                  "pass": true,
                  "fail": false,
                  "pending": false,
                  "context": null,
                  "code": "cy.get('p.sc-cPtzlb.idtXMb').contains('Choose from 183,000 online video courses with new additions published every month').should('exist');",
                  "err": {},
                  "uuid": "5ac9ca51-5340-4b62-ae8f-0fa69ecd0c5b",
                  "parentUUID": "ec2333ff-4855-46c0-a720-4526900be005",
                  "isHook": false,
                  "skipped": false
                }
              ],
              "suites": [],
              "passes": [
                "5ac9ca51-5340-4b62-ae8f-0fa69ecd0c5b"
              ],
              "failures": [],
              "pending": [],
              "skipped": [],
              "duration": 76,
              "root": false,
              "rootEmpty": false,
              "_timeout": 2000
            },
            {
              "uuid": "595ebdbe-ae36-4e8c-a983-0b075b5a0b48",
              "title": "Test Case 5: Verify Hidden Div",
              "fullFile": "",
              "file": "",
              "beforeHooks": [],
              "afterHooks": [],
              "tests": [
                {
                  "title": "should not display the hidden div after right-click",
                  "fullTitle": "Front End Test Suite Test Case 5: Verify Hidden Div should not display the hidden div after right-click",
                  "timedOut": null,
                  "duration": 1333,
                  "state": "passed",
                  "speed": "fast",
                  "pass": true,
                  "fail": false,
                  "pending": false,
                  "context": null,
                  "code": "cy.get('#root > div.sc-gUjWJS.gpDtLX > div:nth-child(1) > div > div > div.sc-bwzfXH.gwZiig > div').each(div => {\n  // Count h3 elements inside each div\n  cy.wrap(div).find('h3').its('length').then(count => {\n    // Log the count\n    cy.log('Number of h3 elements inside the div:', count);\n    // Perform clicks based on the count minus 5\n    if (count > 5) {\n      const clickCount = count - 5;\n      for (let i = 0; i < clickCount; i++) {\n        cy.get('.sc-ifAKCX.eeaShJ.sc-EHOje.aoTUt').find('svg').first().click();\n      }\n    }\n  });\n  cy.get('.sc-bdVaJa.imYUvI').first().children().should('have.length', 2);\n  cy.get('.sc-bdVaJa.imYUvI').eq(1).children().should('have.length', 2);\n});",
                  "err": {},
                  "uuid": "13ee3a23-f4ff-4c2f-b8f1-ef3e966b9f97",
                  "parentUUID": "595ebdbe-ae36-4e8c-a983-0b075b5a0b48",
                  "isHook": false,
                  "skipped": false
                }
              ],
              "suites": [],
              "passes": [
                "13ee3a23-f4ff-4c2f-b8f1-ef3e966b9f97"
              ],
              "failures": [],
              "pending": [],
              "skipped": [],
              "duration": 1333,
              "root": false,
              "rootEmpty": false,
              "_timeout": 2000
            },
            {
              "uuid": "a7d1dcf6-5381-4b75-bbca-a2e30a65e730",
              "title": "Test Case 6: When visiting the page",
              "fullFile": "",
              "file": "",
              "beforeHooks": [],
              "afterHooks": [],
              "tests": [
                {
                  "title": "should validate presence of Recently Added Courses heading",
                  "fullTitle": "Front End Test Suite Test Case 6: When visiting the page should validate presence of Recently Added Courses heading",
                  "timedOut": null,
                  "duration": 80,
                  "state": "passed",
                  "speed": "fast",
                  "pass": true,
                  "fail": false,
                  "pending": false,
                  "context": null,
                  "code": "cy.get('h2.sc-iLXxbI.huFomZ').should('contain', 'Recently Added Courses');",
                  "err": {},
                  "uuid": "ab06b210-e20f-4cbd-b443-4bb6c8dfe646",
                  "parentUUID": "a7d1dcf6-5381-4b75-bbca-a2e30a65e730",
                  "isHook": false,
                  "skipped": false
                }
              ],
              "suites": [],
              "passes": [
                "ab06b210-e20f-4cbd-b443-4bb6c8dfe646"
              ],
              "failures": [],
              "pending": [],
              "skipped": [],
              "duration": 80,
              "root": false,
              "rootEmpty": false,
              "_timeout": 2000
            },
            {
              "uuid": "ab7f81e6-d53d-4173-a6a5-d16d87f9cdd5",
              "title": "Test Case 7: Child Element Count Test",
              "fullFile": "",
              "file": "",
              "beforeHooks": [],
              "afterHooks": [],
              "tests": [
                {
                  "title": "verifies the number of child elements",
                  "fullTitle": "Front End Test Suite Test Case 7: Child Element Count Test verifies the number of child elements",
                  "timedOut": null,
                  "duration": 128,
                  "state": "passed",
                  "speed": "fast",
                  "pass": true,
                  "fail": false,
                  "pending": false,
                  "context": null,
                  "code": "cy.get('#root > div.sc-gUjWJS.gpDtLX > div:nth-child(1) > div > div > div.sc-bwzfXH.gwZiig > div').each(div => {\n  // Count h3 elements inside each div\n  cy.wrap(div).find('h3').its('length').then(count => {\n    expect(count).to.equal(19);\n  });\n});",
                  "err": {},
                  "uuid": "c0795197-21aa-4c48-a3ce-4e41ccbe7746",
                  "parentUUID": "ab7f81e6-d53d-4173-a6a5-d16d87f9cdd5",
                  "isHook": false,
                  "skipped": false
                }
              ],
              "suites": [],
              "passes": [
                "c0795197-21aa-4c48-a3ce-4e41ccbe7746"
              ],
              "failures": [],
              "pending": [],
              "skipped": [],
              "duration": 128,
              "root": false,
              "rootEmpty": false,
              "_timeout": 2000
            },
            {
              "uuid": "96500169-e65e-473d-b4df-65deb7ec8d42",
              "title": "Test Case 8: Verify Text",
              "fullFile": "",
              "file": "",
              "beforeHooks": [],
              "afterHooks": [],
              "tests": [
                {
                  "title": "verifies the presence of \"Top Rated Courses\"",
                  "fullTitle": "Front End Test Suite Test Case 8: Verify Text verifies the presence of \"Top Rated Courses\"",
                  "timedOut": null,
                  "duration": 78,
                  "state": "passed",
                  "speed": "fast",
                  "pass": true,
                  "fail": false,
                  "pending": false,
                  "context": null,
                  "code": "cy.get('h2.sc-iLXxbI.huFomZ').contains('Tope Rated Courses').should('exist');",
                  "err": {},
                  "uuid": "3768e8c5-15cd-4139-ba9c-19e3bba74c21",
                  "parentUUID": "96500169-e65e-473d-b4df-65deb7ec8d42",
                  "isHook": false,
                  "skipped": false
                }
              ],
              "suites": [],
              "passes": [
                "3768e8c5-15cd-4139-ba9c-19e3bba74c21"
              ],
              "failures": [],
              "pending": [],
              "skipped": [],
              "duration": 78,
              "root": false,
              "rootEmpty": false,
              "_timeout": 2000
            },
            {
              "uuid": "fa7ecf4f-2264-41b9-9fbf-90f93e47fc8c",
              "title": "Test Case 9: Verify Hidden Div 2",
              "fullFile": "",
              "file": "",
              "beforeHooks": [],
              "afterHooks": [],
              "tests": [
                {
                  "title": "should not display the hidden div after right-click",
                  "fullTitle": "Front End Test Suite Test Case 9: Verify Hidden Div 2 should not display the hidden div after right-click",
                  "timedOut": null,
                  "duration": 1330,
                  "state": "passed",
                  "speed": "fast",
                  "pass": true,
                  "fail": false,
                  "pending": false,
                  "context": null,
                  "code": "cy.get('#root > div.sc-gUjWJS.gpDtLX > div:nth-child(2) > div > div > div.sc-bwzfXH.gwZiig > div').each(div => {\n  // Count h3 elements inside each div\n  cy.wrap(div).find('h3').its('length').then(count => {\n    // Log the count\n    cy.log('Number of h3 elements inside the div:', count);\n    // Perform clicks based on the count minus 5\n    if (count > 5) {\n      const clickCount = count - 5;\n      for (let i = 0; i < clickCount; i++) {\n        cy.get('.sc-ifAKCX.eeaShJ.sc-EHOje.aoTUt').find('svg').eq(1).click();\n      }\n    }\n  });\n  cy.get('.sc-bdVaJa.imYUvI').eq(1).children().should('have.length', 2);\n  cy.get('.sc-bdVaJa.imYUvI').first().children().should('have.length', 2);\n});",
                  "err": {},
                  "uuid": "627aaaa7-6de7-427e-b577-0ad6d4dabe08",
                  "parentUUID": "fa7ecf4f-2264-41b9-9fbf-90f93e47fc8c",
                  "isHook": false,
                  "skipped": false
                }
              ],
              "suites": [],
              "passes": [
                "627aaaa7-6de7-427e-b577-0ad6d4dabe08"
              ],
              "failures": [],
              "pending": [],
              "skipped": [],
              "duration": 1330,
              "root": false,
              "rootEmpty": false,
              "_timeout": 2000
            },
            {
              "uuid": "c333c384-3399-4714-a22f-3eeccd09e3e0",
              "title": "Test Case 10: Verify Text",
              "fullFile": "",
              "file": "",
              "beforeHooks": [],
              "afterHooks": [],
              "tests": [
                {
                  "title": "verifies the presence of \"Top categories\"",
                  "fullTitle": "Front End Test Suite Test Case 10: Verify Text verifies the presence of \"Top categories\"",
                  "timedOut": null,
                  "duration": 76,
                  "state": "passed",
                  "speed": "fast",
                  "pass": true,
                  "fail": false,
                  "pending": false,
                  "context": null,
                  "code": "cy.get('h2.sc-ejCKsa.dPOVHs').contains('Top categories').should('exist');",
                  "err": {},
                  "uuid": "ca7057e9-e859-4efa-a3f2-8b01bd269048",
                  "parentUUID": "c333c384-3399-4714-a22f-3eeccd09e3e0",
                  "isHook": false,
                  "skipped": false
                }
              ],
              "suites": [],
              "passes": [
                "ca7057e9-e859-4efa-a3f2-8b01bd269048"
              ],
              "failures": [],
              "pending": [],
              "skipped": [],
              "duration": 76,
              "root": false,
              "rootEmpty": false,
              "_timeout": 2000
            },
            {
              "uuid": "2f7cef24-ce94-4a37-9b6d-9a6da81f9765",
              "title": "Test Case 11: Validate Categories List",
              "fullFile": "",
              "file": "",
              "beforeHooks": [],
              "afterHooks": [],
              "tests": [
                {
                  "title": "Verifies the listed Categories",
                  "fullTitle": "Front End Test Suite Test Case 11: Validate Categories List Verifies the listed Categories",
                  "timedOut": null,
                  "duration": 74,
                  "state": "passed",
                  "speed": "fast",
                  "pass": true,
                  "fail": false,
                  "pending": false,
                  "context": null,
                  "code": "const categoriesToVerify = ['Design', 'Development', 'Marketing', 'IT and Software', 'Personal Development', 'Business', 'Photography', 'Music'];\ncy.get('.sc-ldgOGP.gOkYRc').children().each($child => {\n  const categoryName = $child.text().trim();\n  expect(categoriesToVerify).to.include(categoryName);\n});",
                  "err": {},
                  "uuid": "f1aa40c2-cce2-419e-b875-3277e379f9fc",
                  "parentUUID": "2f7cef24-ce94-4a37-9b6d-9a6da81f9765",
                  "isHook": false,
                  "skipped": false
                }
              ],
              "suites": [],
              "passes": [
                "f1aa40c2-cce2-419e-b875-3277e379f9fc"
              ],
              "failures": [],
              "pending": [],
              "skipped": [],
              "duration": 74,
              "root": false,
              "rootEmpty": false,
              "_timeout": 2000
            },
            {
              "uuid": "24fda646-0169-4220-b462-fa1dc0732583",
              "title": "Test Case 12: Validate Featured topics",
              "fullFile": "",
              "file": "",
              "beforeHooks": [],
              "afterHooks": [],
              "tests": [
                {
                  "title": "Validate Featured topics",
                  "fullTitle": "Front End Test Suite Test Case 12: Validate Featured topics Validate Featured topics",
                  "timedOut": null,
                  "duration": 73,
                  "state": "passed",
                  "speed": "fast",
                  "pass": true,
                  "fail": false,
                  "pending": false,
                  "context": null,
                  "code": "const featuredTopics = ['AWS Certification', 'Business', 'Cyber Security', 'Design', 'Development', 'Drawing', 'Ethical Hacking', 'Explore more topics', 'Financial Analysis', 'Graphic Design', 'IT and Software', 'Machine Learning', 'PMP', 'Photoshop', 'Python', 'SQL', 'Web Development'];\ncy.get('.sc-bbxCgr.gFNSqw').find('h2, a').then($children => {\n  const topicsFound = $children.map((index, element) => element.innerText.trim()).get();\n  const allTopicsFound = featuredTopics.every(topic => topicsFound.includes(topic));\n  expect(allTopicsFound).to.be.true;\n});",
                  "err": {},
                  "uuid": "8287d4de-1500-4a6f-a6f9-25e20e5ba0e0",
                  "parentUUID": "24fda646-0169-4220-b462-fa1dc0732583",
                  "isHook": false,
                  "skipped": false
                }
              ],
              "suites": [],
              "passes": [
                "8287d4de-1500-4a6f-a6f9-25e20e5ba0e0"
              ],
              "failures": [],
              "pending": [],
              "skipped": [],
              "duration": 73,
              "root": false,
              "rootEmpty": false,
              "_timeout": 2000
            },
            {
              "uuid": "abb549e2-e9ab-4558-8bbf-4892c8c1c5ba",
              "title": "Test Case 13: Validate footer elements",
              "fullFile": "",
              "file": "",
              "beforeHooks": [],
              "afterHooks": [],
              "tests": [
                {
                  "title": "Validate Topics",
                  "fullTitle": "Front End Test Suite Test Case 13: Validate footer elements Validate Topics",
                  "timedOut": null,
                  "duration": 98,
                  "state": "passed",
                  "speed": "fast",
                  "pass": true,
                  "fail": false,
                  "pending": false,
                  "context": null,
                  "code": "const featuredTopics = ['Studio-Ghibli Business', 'Teach on Studio-Ghibli', 'Get the app', 'About us', 'Contact us', 'Careers', 'Blog', 'Help and Support', 'Affiliate', 'Investors', 'Terms', 'Privacy policy', 'Cookie settings', 'Sitemap', 'Accessibility statement'];\ncy.get('.sc-bjUHJT.NQZOq').find('ul.sc-yRUbj.gcmPvm').each(($ul, index, $uls) => {\n  cy.wrap($ul).find('li').each(($li, index, $lis) => {\n    expect(featuredTopics).to.include($li.text().trim());\n  });\n});",
                  "err": {},
                  "uuid": "73924e19-c6e3-4f45-9cdc-fabad1a44d9e",
                  "parentUUID": "abb549e2-e9ab-4558-8bbf-4892c8c1c5ba",
                  "isHook": false,
                  "skipped": false
                }
              ],
              "suites": [],
              "passes": [
                "73924e19-c6e3-4f45-9cdc-fabad1a44d9e"
              ],
              "failures": [],
              "pending": [],
              "skipped": [],
              "duration": 98,
              "root": false,
              "rootEmpty": false,
              "_timeout": 2000
            }
          ],
          "passes": [],
          "failures": [],
          "pending": [],
          "skipped": [],
          "duration": 0,
          "root": false,
          "rootEmpty": false,
          "_timeout": 2000
        }
      ],
      "passes": [],
      "failures": [],
      "pending": [],
      "skipped": [],
      "duration": 0,
      "root": true,
      "rootEmpty": true,
      "_timeout": 2000
    }
  ],
  "meta": {
    "mocha": {
      "version": "7.0.1"
    },
    "mochawesome": {
      "options": {
        "quiet": false,
        "reportFilename": "mochawesome",
        "saveHtml": true,
        "saveJson": true,
        "consoleReporter": "spec",
        "useInlineDiffs": false,
        "code": true
      },
      "version": "7.1.3"
    },
    "marge": {
      "options": {
        "reportDir": "cypress/reports",
        "overwrite": false,
        "html": true,
        "json": true
      },
      "version": "6.2.0"
    }
  }
}